<?xml version="1.0" encoding="UTF-8"?>
<!-- Generated by org.testng.reporters.JUnitReportReporter -->
<testsuite skipped="0" hostname="DESKTOP-HUFJK83" name="com.crm.test.HomePageTest" tests="1" failures="0" timestamp="20 Dec 2019 19:13:06 GMT" time="69.162" errors="0">
  <testcase name="MatchLogo" time="69.162" classname="com.crm.test.HomePageTest"/>
</testsuite> <!-- com.crm.test.HomePageTest -->
