<?xml version="1.0" encoding="UTF-8"?>
<!-- Generated by org.testng.reporters.JUnitReportReporter -->
<testsuite skipped="0" hostname="DESKTOP-HUFJK83" name="com.crm.test.LoginPageTest" tests="2" failures="0" timestamp="20 Dec 2019 18:47:44 GMT" time="86.966" errors="0">
  <testcase name="loginTest" time="46.440" classname="com.crm.test.LoginPageTest"/>
  <testcase name="NegativeLoginTest" time="40.526" classname="com.crm.test.LoginPageTest"/>
</testsuite> <!-- com.crm.test.LoginPageTest -->
